<?xml version="1.0" encoding="UTF-8"?>
<!-- Generated by org.testng.reporters.JUnitXMLReporter -->
<testsuite ignored="0" hostname="LAPTOP-S8KVD42F" failures="0" tests="5" name="ElementsInterractTest" time="69.664" errors="0" timestamp="2023-09-29T15:07:48 GMT-04:00">
  <testcase classname="com_automationday_TestNG.TestNG_WebElements_Tutorials" name="login" time="2.143"/>
  <testcase classname="com_automationday_TestNG.TestNG_WebElements_Tutorials" name="logout" time="3.366"/>
  <testcase classname="com_automationday_TestNG.TestNG_WebElements_Rediff" name="ClickOnSignin" time="2.331"/>
  <testcase classname="com_automationday_TestNG.TestNG_WebElements_Rediff" name="Login" time="8.338"/>
  <testcase classname="com_automationday_TestNG.TestNG_WebElements_Rediff" name="Logout" time="16.839"/>
</testsuite> <!-- ElementsInterractTest -->
