<?xml version="1.0" encoding="UTF-8"?>
<!-- Generated by org.testng.reporters.JUnitXMLReporter -->
<testsuite ignored="0" hostname="LAPTOP-S8KVD42F" failures="0" tests="2" name="RediffElementsInterractTest" time="21.058" errors="0" timestamp="2023-09-29T15:48:30 GMT-04:00">
  <testcase classname="com_automationday_TestNG.TestNG_WebElements_Rediff" name="Login" time="0.0">
    <skipped/>
  </testcase> <!-- Login -->
  <testcase classname="com_automationday_TestNG.TestNG_WebElements_Rediff" name="Logout" time="0.0">
    <skipped/>
  </testcase> <!-- Logout -->
</testsuite> <!-- RediffElementsInterractTest -->
