<?xml version="1.0" encoding="UTF-8"?>
<!-- Generated by org.testng.reporters.JUnitXMLReporter -->
<testsuite ignored="0" hostname="LAPTOP-S8KVD42F" failures="0" tests="2" name="TutorialsTest" time="20.673" errors="0" timestamp="2023-09-29T16:34:36 GMT-04:00">
  <testcase classname="com_automationday_TestNG.T1_WebElements_Tutorials" name="login" time="2.235"/>
  <testcase classname="com_automationday_TestNG.T1_WebElements_Tutorials" name="logout" time="3.934"/>
</testsuite> <!-- TutorialsTest -->
