<?xml version="1.0" encoding="UTF-8"?>
<!-- Generated by org.testng.reporters.JUnitXMLReporter -->
<testsuite ignored="0" hostname="LAPTOP-S8KVD42F" failures="2" tests="2" name="TutorialsElementsInterractTest" time="0.061" errors="0" timestamp="2023-09-29T15:48:09 GMT-04:00">
  <testcase classname="com_automationday_TestNG.TestNG_WebElements_Tutorials" name="login" time="0.0">
    <failure type="org.testng.TestNGException" message="
Cannot inject @Test annotated Method [login] with [class java.lang.String, class java.lang.String].
For more information on native dependency injection please refer to https://testng.org/doc/documentation-main.html#native-dependency-injection">
      <![CDATA[org.testng.TestNGException: 
Cannot inject @Test annotated Method [login] with [class java.lang.String, class java.lang.String].
For more information on native dependency injection please refer to https://testng.org/doc/documentation-main.html#native-dependency-injection
at java.base/java.util.ArrayList.forEach(ArrayList.java:1511)
... Removed 26 stack frames]]>
    </failure>
  </testcase> <!-- login -->
  <testcase classname="com_automationday_TestNG.TestNG_WebElements_Tutorials" name="logout" time="0.0">
    <failure type="org.testng.TestNGException" message="
Cannot inject @Test annotated Method [logout] with [class java.lang.String, class java.lang.String].
For more information on native dependency injection please refer to https://testng.org/doc/documentation-main.html#native-dependency-injection">
      <![CDATA[org.testng.TestNGException: 
Cannot inject @Test annotated Method [logout] with [class java.lang.String, class java.lang.String].
For more information on native dependency injection please refer to https://testng.org/doc/documentation-main.html#native-dependency-injection
at java.base/java.util.ArrayList.forEach(ArrayList.java:1511)
... Removed 26 stack frames]]>
    </failure>
  </testcase> <!-- logout -->
</testsuite> <!-- TutorialsElementsInterractTest -->
