<?xml version="1.0" encoding="UTF-8"?>
<!-- Generated by org.testng.reporters.JUnitXMLReporter -->
<testsuite ignored="0" hostname="LAPTOP-S8KVD42F" failures="0" tests="4" name="Parmeterization Test" time="48.649" errors="0" timestamp="2023-09-30T00:53:10 GMT-04:00">
  <testcase classname="com_automationday_TestNG.Parameters_All_Asserts_XML" name="HardAss" time="3.657"/>
  <testcase classname="com_automationday_TestNG.Parameters_All_Asserts_XML" name="NegativeHardAss" time="2.698"/>
  <testcase classname="com_automationday_TestNG.Parameters_All_Asserts_XML" name="NegativeSoftAssert" time="4.487"/>
  <testcase classname="com_automationday_TestNG.Parameters_All_Asserts_XML" name="SoftAssert" time="12.231"/>
</testsuite> <!-- Parmeterization Test -->
