<?xml version="1.0" encoding="UTF-8"?>
<!-- Generated by org.testng.reporters.JUnitXMLReporter -->
<testsuite ignored="0" hostname="LAPTOP-S8KVD42F" failures="0" tests="2" name="TutorialsTest" time="15.965" errors="0" timestamp="2023-10-20T16:59:47 GMT-04:00">
  <testcase classname="com_automationday_TestNG.T1_WebElements_Tutorials" name="partialEntry" time="1.792"/>
  <testcase classname="com_automationday_TestNG.T1_WebElements_Tutorials" name="completeEntry" time="2.464"/>
</testsuite> <!-- TutorialsTest -->
