<?xml version="1.0" encoding="UTF-8"?>
<!-- Generated by org.testng.reporters.JUnitXMLReporter -->
<testsuite ignored="2" hostname="LAPTOP-S8KVD42F" failures="0" tests="2" name="IncludeExcludeTest" time="37.497" errors="0" timestamp="2023-09-30T00:09:59 GMT-04:00">
  <testcase classname="com_automationday_TestNG.T1_WebElements_Tutorials" name="completeEntry" time="5.729"/>
  <testcase classname="com_automationday_TestNG.T2_WebElements_Rediff" name="Login" time="11.749"/>
  <testcase classname="com_automationday_TestNG.T2_WebElements_Rediff" name="Logout" time="0.0">
    <ignored/>
  </testcase> <!-- Logout -->
  <testcase classname="com_automationday_TestNG.T1_WebElements_Tutorials" name="partialEntry" time="0.0">
    <ignored/>
  </testcase> <!-- partialEntry -->
</testsuite> <!-- IncludeExcludeTest -->
