<?xml version="1.0" encoding="UTF-8"?>
<!-- Generated by org.testng.reporters.JUnitXMLReporter -->
<testsuite ignored="3" hostname="LAPTOP-S8KVD42F" failures="0" tests="1" name="Include/ExcludeTest" time="38.874" errors="0" timestamp="2023-09-29T16:58:19 GMT-04:00">
  <testcase classname="com_automationday_TestNG.T2_WebElements_Rediff" name="Logout" time="31.31"/>
  <testcase classname="com_automationday_TestNG.T2_WebElements_Rediff" name="Login" time="0.0">
    <ignored/>
  </testcase> <!-- Login -->
  <testcase classname="com_automationday_TestNG.T1_WebElements_Tutorials" name="logout" time="0.0">
    <ignored/>
  </testcase> <!-- logout -->
  <testcase classname="com_automationday_TestNG.T1_WebElements_Tutorials" name="login" time="0.0">
    <ignored/>
  </testcase> <!-- login -->
</testsuite> <!-- Include/ExcludeTest -->
